/home/student/ros2_ws/src/install/eced3901/lib/python3.10/site-packages/eced3901/eced3901_dt1 copy.py
/home/student/ros2_ws/src/install/eced3901/lib/python3.10/site-packages/eced3901/__init__.py
/home/student/ros2_ws/src/install/eced3901/lib/python3.10/site-packages/eced3901/subscriber_member_function.py
/home/student/ros2_ws/src/install/eced3901/lib/python3.10/site-packages/eced3901/publisher_member_function.py
/home/student/ros2_ws/src/install/eced3901/lib/python3.10/site-packages/eced3901/eced3901_serialcode.py
/home/student/ros2_ws/src/install/eced3901/lib/python3.10/site-packages/eced3901/eced3901_dt1.py
/home/student/ros2_ws/src/install/eced3901/lib/python3.10/site-packages/eced3901/OdomLidar.py
/home/student/ros2_ws/src/install/eced3901/lib/python3.10/site-packages/eced3901/__pycache__/eced3901_dt1 copy.cpython-310.pyc
/home/student/ros2_ws/src/install/eced3901/lib/python3.10/site-packages/eced3901/__pycache__/__init__.cpython-310.pyc
/home/student/ros2_ws/src/install/eced3901/lib/python3.10/site-packages/eced3901/__pycache__/subscriber_member_function.cpython-310.pyc
/home/student/ros2_ws/src/install/eced3901/lib/python3.10/site-packages/eced3901/__pycache__/publisher_member_function.cpython-310.pyc
/home/student/ros2_ws/src/install/eced3901/lib/python3.10/site-packages/eced3901/__pycache__/eced3901_serialcode.cpython-310.pyc
/home/student/ros2_ws/src/install/eced3901/lib/python3.10/site-packages/eced3901/__pycache__/eced3901_dt1.cpython-310.pyc
/home/student/ros2_ws/src/install/eced3901/lib/python3.10/site-packages/eced3901/__pycache__/OdomLidar.cpython-310.pyc
/home/student/ros2_ws/src/install/eced3901/share/ament_index/resource_index/packages/eced3901
/home/student/ros2_ws/src/install/eced3901/share/eced3901/package.xml
/home/student/ros2_ws/src/install/eced3901/share/eced3901/launch/lab5dt2.launch.py
/home/student/ros2_ws/src/install/eced3901/share/eced3901/launch/launch_slam_toolbox.py
/home/student/ros2_ws/src/install/eced3901/share/eced3901/launch/lab4a.launch.py
/home/student/ros2_ws/src/install/eced3901/share/eced3901/launch/lab3.launch.py
/home/student/ros2_ws/src/install/eced3901/share/eced3901/launch/lab7nav.launch.py
/home/student/ros2_ws/src/install/eced3901/share/eced3901/launch/lab6a.launch.py
/home/student/ros2_ws/src/install/eced3901/share/eced3901/launch/lab5.launch.py
/home/student/ros2_ws/src/install/eced3901/share/eced3901/launch/lab6nav.launch (copy).py
/home/student/ros2_ws/src/install/eced3901/share/eced3901/launch/lab4b.launch.py
/home/student/ros2_ws/src/install/eced3901/share/eced3901/launch/lab6nav.launch.py
/home/student/ros2_ws/src/install/eced3901/share/eced3901/launch/lab1.launch.py
/home/student/ros2_ws/src/install/eced3901/share/eced3901/launch/lab6b.launch.py
/home/student/ros2_ws/src/install/eced3901/share/eced3901/launch/lab1_small.launch.py
/home/student/ros2_ws/src/install/eced3901/share/eced3901/maps/lab4_map.pgm
/home/student/ros2_ws/src/install/eced3901/share/eced3901/maps/lab4_map.yaml
/home/student/ros2_ws/src/install/eced3901/share/eced3901/models/eced3901bot.urdf
/home/student/ros2_ws/src/install/eced3901/share/eced3901/models/eced3901bot_description/model.config
/home/student/ros2_ws/src/install/eced3901/share/eced3901/models/eced3901bot_description/model.sdf
/home/student/ros2_ws/src/install/eced3901/share/eced3901/models/eced3901_lab4/model.config
/home/student/ros2_ws/src/install/eced3901/share/eced3901/models/eced3901_lab4/model.sdf
/home/student/ros2_ws/src/install/eced3901/share/eced3901/rviz/nav2.rviz
/home/student/ros2_ws/src/install/eced3901/share/eced3901/rviz/urdf_config.rviz
/home/student/ros2_ws/src/install/eced3901/share/eced3901/rviz/nav2_config.rviz
/home/student/ros2_ws/src/install/eced3901/share/eced3901/worlds/eced3901_lab6.world
/home/student/ros2_ws/src/install/eced3901/share/eced3901/worlds/eced3901_lab1.world
/home/student/ros2_ws/src/install/eced3901/share/eced3901/worlds/eced3901_lab4.world
/home/student/ros2_ws/src/install/eced3901/share/eced3901/worlds/empty.world
/home/student/ros2_ws/src/install/eced3901/share/eced3901/worlds/eced3901_lab1_small.world
/home/student/ros2_ws/src/install/eced3901/share/eced3901/config/ekf.yaml
/home/student/ros2_ws/src/install/eced3901/share/eced3901/params/nav2_params.yaml
/home/student/ros2_ws/src/install/eced3901/lib/python3.10/site-packages/eced3901-0.0.0-py3.10.egg-info/dependency_links.txt
/home/student/ros2_ws/src/install/eced3901/lib/python3.10/site-packages/eced3901-0.0.0-py3.10.egg-info/top_level.txt
/home/student/ros2_ws/src/install/eced3901/lib/python3.10/site-packages/eced3901-0.0.0-py3.10.egg-info/requires.txt
/home/student/ros2_ws/src/install/eced3901/lib/python3.10/site-packages/eced3901-0.0.0-py3.10.egg-info/entry_points.txt
/home/student/ros2_ws/src/install/eced3901/lib/python3.10/site-packages/eced3901-0.0.0-py3.10.egg-info/zip-safe
/home/student/ros2_ws/src/install/eced3901/lib/python3.10/site-packages/eced3901-0.0.0-py3.10.egg-info/SOURCES.txt
/home/student/ros2_ws/src/install/eced3901/lib/python3.10/site-packages/eced3901-0.0.0-py3.10.egg-info/PKG-INFO
/home/student/ros2_ws/src/install/eced3901/lib/eced3901/dt1
/home/student/ros2_ws/src/install/eced3901/lib/eced3901/serialsensor
/home/student/ros2_ws/src/install/eced3901/lib/eced3901/talker
