[0.601s] Invoking command in '/home/student/ros2_ws/src/eced3901': PYTHONPATH=/home/student/ros2_ws/build/eced3901/prefix_override:/usr/lib/python3/dist-packages/colcon_core/task/python/colcon_distutils_commands:/home/student/ros2_ws/install/eced3901/lib/python3.10/site-packages:${PYTHONPATH} /usr/bin/python3 -W ignore:setup.py install is deprecated -W ignore:easy_install command is deprecated setup.py egg_info --egg-base ../../build/eced3901 build --build-base /home/student/ros2_ws/build/eced3901/build install --record /home/student/ros2_ws/build/eced3901/install.log --single-version-externally-managed install_data
[0.837s] running egg_info
[0.838s] writing ../../build/eced3901/eced3901.egg-info/PKG-INFO
[0.838s] writing dependency_links to ../../build/eced3901/eced3901.egg-info/dependency_links.txt
[0.838s] writing entry points to ../../build/eced3901/eced3901.egg-info/entry_points.txt
[0.839s] writing requirements to ../../build/eced3901/eced3901.egg-info/requires.txt
[0.839s] writing top-level names to ../../build/eced3901/eced3901.egg-info/top_level.txt
[0.841s] reading manifest file '../../build/eced3901/eced3901.egg-info/SOURCES.txt'
[0.843s] writing manifest file '../../build/eced3901/eced3901.egg-info/SOURCES.txt'
[0.843s] running build
[0.843s] running build_py
[0.848s] running install
[0.848s] running install_lib
[0.848s] running install_data
[0.848s] copying launch/launch_slam_toolbox.py -> /home/student/ros2_ws/install/eced3901/share/eced3901/launch
[0.848s] running install_egg_info
[0.848s] removing '/home/student/ros2_ws/install/eced3901/lib/python3.10/site-packages/eced3901-0.0.0-py3.10.egg-info' (and everything under it)
[0.853s] Copying ../../build/eced3901/eced3901.egg-info to /home/student/ros2_ws/install/eced3901/lib/python3.10/site-packages/eced3901-0.0.0-py3.10.egg-info
[0.853s] running install_scripts
[0.876s] Installing dt1 script to /home/student/ros2_ws/install/eced3901/lib/eced3901
[0.876s] Installing serialsensor script to /home/student/ros2_ws/install/eced3901/lib/eced3901
[0.876s] Installing talker script to /home/student/ros2_ws/install/eced3901/lib/eced3901
[0.877s] writing list of installed files to '/home/student/ros2_ws/build/eced3901/install.log'
[0.916s] Invoked command in '/home/student/ros2_ws/src/eced3901' returned '0': PYTHONPATH=/home/student/ros2_ws/build/eced3901/prefix_override:/usr/lib/python3/dist-packages/colcon_core/task/python/colcon_distutils_commands:/home/student/ros2_ws/install/eced3901/lib/python3.10/site-packages:${PYTHONPATH} /usr/bin/python3 -W ignore:setup.py install is deprecated -W ignore:easy_install command is deprecated setup.py egg_info --egg-base ../../build/eced3901 build --build-base /home/student/ros2_ws/build/eced3901/build install --record /home/student/ros2_ws/build/eced3901/install.log --single-version-externally-managed install_data
