[0.905s] Invoking command in '/home/student/ros2_ws/src/eced3901': PYTHONPATH=/home/student/ros2_ws/src/build/eced3901/prefix_override:/usr/lib/python3/dist-packages/colcon_core/task/python/colcon_distutils_commands:/home/student/ros2_ws/src/install/eced3901/lib/python3.10/site-packages:${PYTHONPATH} /usr/bin/python3 -W ignore:setup.py install is deprecated -W ignore:easy_install command is deprecated setup.py egg_info --egg-base ../build/eced3901 build --build-base /home/student/ros2_ws/src/build/eced3901/build install --record /home/student/ros2_ws/src/build/eced3901/install.log --single-version-externally-managed install_data
[1.159s] running egg_info
[1.160s] writing ../build/eced3901/eced3901.egg-info/PKG-INFO
[1.161s] writing dependency_links to ../build/eced3901/eced3901.egg-info/dependency_links.txt
[1.162s] writing entry points to ../build/eced3901/eced3901.egg-info/entry_points.txt
[1.162s] writing requirements to ../build/eced3901/eced3901.egg-info/requires.txt
[1.163s] writing top-level names to ../build/eced3901/eced3901.egg-info/top_level.txt
[1.165s] reading manifest file '../build/eced3901/eced3901.egg-info/SOURCES.txt'
[1.167s] writing manifest file '../build/eced3901/eced3901.egg-info/SOURCES.txt'
[1.167s] running build
[1.167s] running build_py
[1.168s] running install
[1.168s] running install_lib
[1.170s] running install_data
[1.170s] copying launch/launch_slam_toolbox.py -> /home/student/ros2_ws/src/install/eced3901/share/eced3901/launch
[1.171s] running install_egg_info
[1.174s] removing '/home/student/ros2_ws/src/install/eced3901/lib/python3.10/site-packages/eced3901-0.0.0-py3.10.egg-info' (and everything under it)
[1.174s] Copying ../build/eced3901/eced3901.egg-info to /home/student/ros2_ws/src/install/eced3901/lib/python3.10/site-packages/eced3901-0.0.0-py3.10.egg-info
[1.176s] running install_scripts
[1.203s] Installing dt1 script to /home/student/ros2_ws/src/install/eced3901/lib/eced3901
[1.204s] Installing serialsensor script to /home/student/ros2_ws/src/install/eced3901/lib/eced3901
[1.204s] Installing talker script to /home/student/ros2_ws/src/install/eced3901/lib/eced3901
[1.205s] writing list of installed files to '/home/student/ros2_ws/src/build/eced3901/install.log'
[1.233s] Invoked command in '/home/student/ros2_ws/src/eced3901' returned '0': PYTHONPATH=/home/student/ros2_ws/src/build/eced3901/prefix_override:/usr/lib/python3/dist-packages/colcon_core/task/python/colcon_distutils_commands:/home/student/ros2_ws/src/install/eced3901/lib/python3.10/site-packages:${PYTHONPATH} /usr/bin/python3 -W ignore:setup.py install is deprecated -W ignore:easy_install command is deprecated setup.py egg_info --egg-base ../build/eced3901 build --build-base /home/student/ros2_ws/src/build/eced3901/build install --record /home/student/ros2_ws/src/build/eced3901/install.log --single-version-externally-managed install_data
