[0.574s] DEBUG:colcon:Command line arguments: ['/usr/bin/colcon', 'build']
[0.574s] DEBUG:colcon:Parsed command line arguments: Namespace(log_base=None, log_level=None, verb_name='build', build_base='build', install_base='install', merge_install=False, symlink_install=False, test_result_base=None, continue_on_error=False, executor='parallel', parallel_workers=4, event_handlers=None, ignore_user_meta=False, metas=['./colcon.meta'], base_paths=['.'], packages_ignore=None, packages_ignore_regex=None, paths=None, packages_up_to=None, packages_up_to_regex=None, packages_above=None, packages_above_and_dependencies=None, packages_above_depth=None, packages_select_by_dep=None, packages_skip_by_dep=None, packages_skip_up_to=None, packages_select_build_failed=False, packages_skip_build_finished=False, packages_select_test_failures=False, packages_skip_test_passed=False, packages_select=None, packages_skip=None, packages_select_regex=None, packages_skip_regex=None, packages_start=None, packages_end=None, allow_overriding=[], cmake_args=None, cmake_target=None, cmake_target_skip_unavailable=False, cmake_clean_cache=False, cmake_clean_first=False, cmake_force_configure=False, ament_cmake_args=None, catkin_cmake_args=None, catkin_skip_building_tests=False, verb_parser=<colcon_defaults.argument_parser.defaults.DefaultArgumentsDecorator object at 0x7eb9de22b070>, verb_extension=<colcon_core.verb.build.BuildVerb object at 0x7eb9de22ab60>, main=<bound method BuildVerb.main of <colcon_core.verb.build.BuildVerb object at 0x7eb9de22ab60>>)
[0.968s] Level 1:colcon.colcon_core.package_discovery:discover_packages(colcon_meta) check parameters
[0.968s] Level 1:colcon.colcon_core.package_discovery:discover_packages(recursive) check parameters
[0.968s] Level 1:colcon.colcon_core.package_discovery:discover_packages(ignore) check parameters
[0.968s] Level 1:colcon.colcon_core.package_discovery:discover_packages(path) check parameters
[0.968s] Level 1:colcon.colcon_core.package_discovery:discover_packages(colcon_meta) discover
[0.968s] Level 1:colcon.colcon_core.package_discovery:discover_packages(recursive) discover
[0.968s] INFO:colcon.colcon_core.package_discovery:Crawling recursively for packages in '/home/student/ros2_ws/src'
[0.968s] Level 1:colcon.colcon_core.package_identification:_identify(.) by extensions ['ignore', 'ignore_ament_install']
[0.968s] Level 1:colcon.colcon_core.package_identification:_identify(.) by extension 'ignore'
[0.969s] Level 1:colcon.colcon_core.package_identification:_identify(.) by extension 'ignore_ament_install'
[0.969s] Level 1:colcon.colcon_core.package_identification:_identify(.) by extensions ['colcon_pkg']
[0.969s] Level 1:colcon.colcon_core.package_identification:_identify(.) by extension 'colcon_pkg'
[0.969s] Level 1:colcon.colcon_core.package_identification:_identify(.) by extensions ['colcon_meta']
[0.969s] Level 1:colcon.colcon_core.package_identification:_identify(.) by extension 'colcon_meta'
[0.969s] Level 1:colcon.colcon_core.package_identification:_identify(.) by extensions ['ros']
[0.969s] Level 1:colcon.colcon_core.package_identification:_identify(.) by extension 'ros'
[0.987s] Level 1:colcon.colcon_core.package_identification:_identify(.) by extensions ['cmake', 'python']
[0.987s] Level 1:colcon.colcon_core.package_identification:_identify(.) by extension 'cmake'
[0.987s] Level 1:colcon.colcon_core.package_identification:_identify(.) by extension 'python'
[0.987s] Level 1:colcon.colcon_core.package_identification:_identify(.) by extensions ['python_setup_py']
[0.987s] Level 1:colcon.colcon_core.package_identification:_identify(.) by extension 'python_setup_py'
[0.988s] Level 1:colcon.colcon_core.package_identification:_identify(amcl_localization) by extensions ['ignore', 'ignore_ament_install']
[0.988s] Level 1:colcon.colcon_core.package_identification:_identify(amcl_localization) by extension 'ignore'
[0.988s] Level 1:colcon.colcon_core.package_identification:_identify(amcl_localization) by extension 'ignore_ament_install'
[0.988s] Level 1:colcon.colcon_core.package_identification:_identify(amcl_localization) by extensions ['colcon_pkg']
[0.988s] Level 1:colcon.colcon_core.package_identification:_identify(amcl_localization) by extension 'colcon_pkg'
[0.988s] Level 1:colcon.colcon_core.package_identification:_identify(amcl_localization) by extensions ['colcon_meta']
[0.988s] Level 1:colcon.colcon_core.package_identification:_identify(amcl_localization) by extension 'colcon_meta'
[0.988s] Level 1:colcon.colcon_core.package_identification:_identify(amcl_localization) by extensions ['ros']
[0.988s] Level 1:colcon.colcon_core.package_identification:_identify(amcl_localization) by extension 'ros'
[0.992s] DEBUG:colcon.colcon_core.package_identification:Failed to parse potential ROS package manifest in'amcl_localization': Error(s) in package 'amcl_localization/package.xml':
Error(s):
- The generic dependency on 'rclpy' is redundant with: exec_depend
- The generic dependency on 'sensor_msgs' is redundant with: exec_depend
- The generic dependency on 'nav_msgs' is redundant with: exec_depend
- The generic dependency on 'geometry_msgs' is redundant with: exec_depend
- The generic dependency on 'nav2_msgs' is redundant with: exec_depend
- The generic dependency on 'slam_toolbox' is redundant with: exec_depend
- The generic dependency on 'nav2_map_server' is redundant with: exec_depend
[0.992s] Level 1:colcon.colcon_core.package_identification:_identify(amcl_localization) by extensions ['cmake', 'python']
[0.992s] Level 1:colcon.colcon_core.package_identification:_identify(amcl_localization) by extension 'cmake'
[0.993s] Level 1:colcon.colcon_core.package_identification:_identify(amcl_localization) by extension 'python'
[0.993s] Level 1:colcon.colcon_core.package_identification:_identify(amcl_localization) by extensions ['python_setup_py']
[0.993s] Level 1:colcon.colcon_core.package_identification:_identify(amcl_localization) by extension 'python_setup_py'
[1.180s] DEBUG:colcon.colcon_core.package_identification:Package 'amcl_localization' with type 'python' and name 'amcl_localization'
[1.181s] Level 1:colcon.colcon_core.package_identification:_identify(build) by extensions ['ignore', 'ignore_ament_install']
[1.181s] Level 1:colcon.colcon_core.package_identification:_identify(build) by extension 'ignore'
[1.181s] Level 1:colcon.colcon_core.package_identification:_identify(build) ignored
[1.182s] Level 1:colcon.colcon_core.package_identification:_identify(eced3901) by extensions ['ignore', 'ignore_ament_install']
[1.183s] Level 1:colcon.colcon_core.package_identification:_identify(eced3901) by extension 'ignore'
[1.183s] Level 1:colcon.colcon_core.package_identification:_identify(eced3901) by extension 'ignore_ament_install'
[1.183s] Level 1:colcon.colcon_core.package_identification:_identify(eced3901) by extensions ['colcon_pkg']
[1.183s] Level 1:colcon.colcon_core.package_identification:_identify(eced3901) by extension 'colcon_pkg'
[1.183s] Level 1:colcon.colcon_core.package_identification:_identify(eced3901) by extensions ['colcon_meta']
[1.183s] Level 1:colcon.colcon_core.package_identification:_identify(eced3901) by extension 'colcon_meta'
[1.183s] Level 1:colcon.colcon_core.package_identification:_identify(eced3901) by extensions ['ros']
[1.183s] Level 1:colcon.colcon_core.package_identification:_identify(eced3901) by extension 'ros'
[1.188s] DEBUG:colcon.colcon_core.package_identification:Package 'eced3901' with type 'ros.ament_python' and name 'eced3901'
[1.188s] Level 1:colcon.colcon_core.package_identification:_identify(install) by extensions ['ignore', 'ignore_ament_install']
[1.188s] Level 1:colcon.colcon_core.package_identification:_identify(install) by extension 'ignore'
[1.188s] Level 1:colcon.colcon_core.package_identification:_identify(install) ignored
[1.188s] Level 1:colcon.colcon_core.package_identification:_identify(log) by extensions ['ignore', 'ignore_ament_install']
[1.188s] Level 1:colcon.colcon_core.package_identification:_identify(log) by extension 'ignore'
[1.188s] Level 1:colcon.colcon_core.package_identification:_identify(log) ignored
[1.188s] Level 1:colcon.colcon_core.package_discovery:discover_packages(recursive) using defaults
[1.188s] Level 1:colcon.colcon_core.package_discovery:discover_packages(ignore) discover
[1.188s] Level 1:colcon.colcon_core.package_discovery:discover_packages(ignore) using defaults
[1.188s] Level 1:colcon.colcon_core.package_discovery:discover_packages(path) discover
[1.188s] Level 1:colcon.colcon_core.package_discovery:discover_packages(path) using defaults
[1.236s] Level 1:colcon.colcon_core.package_discovery:discover_packages(prefix_path) check parameters
[1.236s] Level 1:colcon.colcon_core.package_discovery:discover_packages(prefix_path) discover
[1.243s] DEBUG:colcon.colcon_installed_package_information.package_discovery:Found 2 installed packages in /home/student/ros2_ws/install
[1.244s] DEBUG:colcon.colcon_installed_package_information.package_discovery:Found 361 installed packages in /opt/ros/humble
[1.253s] Level 1:colcon.colcon_core.package_discovery:discover_packages(prefix_path) using defaults
[1.290s] Level 5:colcon.colcon_core.verb:set package 'amcl_localization' build argument 'cmake_args' from command line to 'None'
[1.290s] Level 5:colcon.colcon_core.verb:set package 'amcl_localization' build argument 'cmake_target' from command line to 'None'
[1.290s] Level 5:colcon.colcon_core.verb:set package 'amcl_localization' build argument 'cmake_target_skip_unavailable' from command line to 'False'
[1.290s] Level 5:colcon.colcon_core.verb:set package 'amcl_localization' build argument 'cmake_clean_cache' from command line to 'False'
[1.290s] Level 5:colcon.colcon_core.verb:set package 'amcl_localization' build argument 'cmake_clean_first' from command line to 'False'
[1.290s] Level 5:colcon.colcon_core.verb:set package 'amcl_localization' build argument 'cmake_force_configure' from command line to 'False'
[1.290s] Level 5:colcon.colcon_core.verb:set package 'amcl_localization' build argument 'ament_cmake_args' from command line to 'None'
[1.290s] Level 5:colcon.colcon_core.verb:set package 'amcl_localization' build argument 'catkin_cmake_args' from command line to 'None'
[1.290s] Level 5:colcon.colcon_core.verb:set package 'amcl_localization' build argument 'catkin_skip_building_tests' from command line to 'False'
[1.290s] DEBUG:colcon.colcon_core.verb:Building package 'amcl_localization' with the following arguments: {'ament_cmake_args': None, 'build_base': '/home/student/ros2_ws/src/build/amcl_localization', 'catkin_cmake_args': None, 'catkin_skip_building_tests': False, 'cmake_args': None, 'cmake_clean_cache': False, 'cmake_clean_first': False, 'cmake_force_configure': False, 'cmake_target': None, 'cmake_target_skip_unavailable': False, 'install_base': '/home/student/ros2_ws/src/install/amcl_localization', 'merge_install': False, 'path': '/home/student/ros2_ws/src/amcl_localization', 'symlink_install': False, 'test_result_base': None}
[1.290s] Level 5:colcon.colcon_core.verb:set package 'eced3901' build argument 'cmake_args' from command line to 'None'
[1.290s] Level 5:colcon.colcon_core.verb:set package 'eced3901' build argument 'cmake_target' from command line to 'None'
[1.290s] Level 5:colcon.colcon_core.verb:set package 'eced3901' build argument 'cmake_target_skip_unavailable' from command line to 'False'
[1.290s] Level 5:colcon.colcon_core.verb:set package 'eced3901' build argument 'cmake_clean_cache' from command line to 'False'
[1.290s] Level 5:colcon.colcon_core.verb:set package 'eced3901' build argument 'cmake_clean_first' from command line to 'False'
[1.290s] Level 5:colcon.colcon_core.verb:set package 'eced3901' build argument 'cmake_force_configure' from command line to 'False'
[1.290s] Level 5:colcon.colcon_core.verb:set package 'eced3901' build argument 'ament_cmake_args' from command line to 'None'
[1.290s] Level 5:colcon.colcon_core.verb:set package 'eced3901' build argument 'catkin_cmake_args' from command line to 'None'
[1.290s] Level 5:colcon.colcon_core.verb:set package 'eced3901' build argument 'catkin_skip_building_tests' from command line to 'False'
[1.291s] DEBUG:colcon.colcon_core.verb:Building package 'eced3901' with the following arguments: {'ament_cmake_args': None, 'build_base': '/home/student/ros2_ws/src/build/eced3901', 'catkin_cmake_args': None, 'catkin_skip_building_tests': False, 'cmake_args': None, 'cmake_clean_cache': False, 'cmake_clean_first': False, 'cmake_force_configure': False, 'cmake_target': None, 'cmake_target_skip_unavailable': False, 'install_base': '/home/student/ros2_ws/src/install/eced3901', 'merge_install': False, 'path': '/home/student/ros2_ws/src/eced3901', 'symlink_install': False, 'test_result_base': None}
[1.291s] INFO:colcon.colcon_core.executor:Executing jobs using 'parallel' executor
[1.292s] DEBUG:colcon.colcon_parallel_executor.executor.parallel:run_until_complete
[1.292s] INFO:colcon.colcon_core.task.python.build:Building Python package in '/home/student/ros2_ws/src/amcl_localization'
[1.306s] INFO:colcon.colcon_core.plugin_system:Skipping extension 'colcon_core.shell.bat': Not used on non-Windows systems
[1.306s] INFO:colcon.colcon_core.shell:Skip shell extension 'powershell' for command environment: Not usable outside of PowerShell
[1.306s] DEBUG:colcon.colcon_core.shell:Skip shell extension 'dsv' for command environment
[1.310s] INFO:colcon.colcon_ros.task.ament_python.build:Building ROS package in '/home/student/ros2_ws/src/eced3901' with build type 'ament_python'
[1.310s] Level 1:colcon.colcon_core.shell:create_environment_hook('eced3901', 'ament_prefix_path')
[1.310s] INFO:colcon.colcon_core.shell:Creating environment hook '/home/student/ros2_ws/src/install/eced3901/share/eced3901/hook/ament_prefix_path.ps1'
[1.312s] INFO:colcon.colcon_core.shell:Creating environment descriptor '/home/student/ros2_ws/src/install/eced3901/share/eced3901/hook/ament_prefix_path.dsv'
[1.314s] INFO:colcon.colcon_core.shell:Creating environment hook '/home/student/ros2_ws/src/install/eced3901/share/eced3901/hook/ament_prefix_path.sh'
[1.315s] INFO:colcon.colcon_core.shell:Skip shell extension 'powershell' for command environment: Not usable outside of PowerShell
[1.315s] DEBUG:colcon.colcon_core.shell:Skip shell extension 'dsv' for command environment
[1.821s] INFO:colcon.colcon_core.task.python.build:Building Python package in '/home/student/ros2_ws/src/eced3901'
[1.827s] INFO:colcon.colcon_core.shell:Skip shell extension 'powershell' for command environment: Not usable outside of PowerShell
[1.828s] DEBUG:colcon.colcon_core.shell:Skip shell extension 'dsv' for command environment
[1.977s] DEBUG:colcon.colcon_core.event_handler.log_command:Invoking command in '/home/student/ros2_ws/src/amcl_localization': PYTHONPATH=/home/student/ros2_ws/src/build/amcl_localization/prefix_override:/usr/lib/python3/dist-packages/colcon_core/task/python/colcon_distutils_commands:/home/student/ros2_ws/src/install/amcl_localization/lib/python3.10/site-packages:${PYTHONPATH} /usr/bin/python3 -W ignore:setup.py install is deprecated -W ignore:easy_install command is deprecated setup.py egg_info --egg-base ../build/amcl_localization build --build-base /home/student/ros2_ws/src/build/amcl_localization/build install --record /home/student/ros2_ws/src/build/amcl_localization/install.log --single-version-externally-managed
[2.138s] DEBUG:colcon.colcon_core.event_handler.log_command:Invoking command in '/home/student/ros2_ws/src/eced3901': PYTHONPATH=/home/student/ros2_ws/src/build/eced3901/prefix_override:/usr/lib/python3/dist-packages/colcon_core/task/python/colcon_distutils_commands:/home/student/ros2_ws/src/install/eced3901/lib/python3.10/site-packages:${PYTHONPATH} /usr/bin/python3 -W ignore:setup.py install is deprecated -W ignore:easy_install command is deprecated setup.py egg_info --egg-base ../build/eced3901 build --build-base /home/student/ros2_ws/src/build/eced3901/build install --record /home/student/ros2_ws/src/build/eced3901/install.log --single-version-externally-managed install_data
[2.279s] DEBUG:colcon.colcon_core.event_handler.log_command:Invoked command in '/home/student/ros2_ws/src/amcl_localization' returned '0': PYTHONPATH=/home/student/ros2_ws/src/build/amcl_localization/prefix_override:/usr/lib/python3/dist-packages/colcon_core/task/python/colcon_distutils_commands:/home/student/ros2_ws/src/install/amcl_localization/lib/python3.10/site-packages:${PYTHONPATH} /usr/bin/python3 -W ignore:setup.py install is deprecated -W ignore:easy_install command is deprecated setup.py egg_info --egg-base ../build/amcl_localization build --build-base /home/student/ros2_ws/src/build/amcl_localization/build install --record /home/student/ros2_ws/src/build/amcl_localization/install.log --single-version-externally-managed
[2.294s] Level 1:colcon.colcon_core.environment:checking '/home/student/ros2_ws/src/install/amcl_localization' for CMake module files
[2.295s] Level 1:colcon.colcon_core.environment:checking '/home/student/ros2_ws/src/install/amcl_localization' for CMake config files
[2.295s] Level 1:colcon.colcon_core.environment:checking '/home/student/ros2_ws/src/install/amcl_localization/lib'
[2.295s] Level 1:colcon.colcon_core.environment:checking '/home/student/ros2_ws/src/install/amcl_localization/bin'
[2.296s] Level 1:colcon.colcon_core.shell:create_environment_hook('amcl_localization', 'path')
[2.296s] INFO:colcon.colcon_core.shell:Creating environment hook '/home/student/ros2_ws/src/install/amcl_localization/share/amcl_localization/hook/path.ps1'
[2.296s] INFO:colcon.colcon_core.shell:Creating environment descriptor '/home/student/ros2_ws/src/install/amcl_localization/share/amcl_localization/hook/path.dsv'
[2.296s] INFO:colcon.colcon_core.shell:Creating environment hook '/home/student/ros2_ws/src/install/amcl_localization/share/amcl_localization/hook/path.sh'
[2.297s] Level 1:colcon.colcon_core.environment:checking '/home/student/ros2_ws/src/install/amcl_localization/lib/pkgconfig/amcl_localization.pc'
[2.297s] Level 1:colcon.colcon_core.environment:checking '/home/student/ros2_ws/src/install/amcl_localization/lib/python3.10/site-packages'
[2.297s] Level 1:colcon.colcon_core.shell:create_environment_hook('amcl_localization', 'pythonpath')
[2.297s] INFO:colcon.colcon_core.shell:Creating environment hook '/home/student/ros2_ws/src/install/amcl_localization/share/amcl_localization/hook/pythonpath.ps1'
[2.298s] INFO:colcon.colcon_core.shell:Creating environment descriptor '/home/student/ros2_ws/src/install/amcl_localization/share/amcl_localization/hook/pythonpath.dsv'
[2.298s] INFO:colcon.colcon_core.shell:Creating environment hook '/home/student/ros2_ws/src/install/amcl_localization/share/amcl_localization/hook/pythonpath.sh'
[2.298s] Level 1:colcon.colcon_core.environment:checking '/home/student/ros2_ws/src/install/amcl_localization/bin'
[2.298s] Level 1:colcon.colcon_core.shell:create_environment_hook('amcl_localization', 'pythonscriptspath')
[2.299s] INFO:colcon.colcon_core.shell:Creating environment hook '/home/student/ros2_ws/src/install/amcl_localization/share/amcl_localization/hook/pythonscriptspath.ps1'
[2.299s] INFO:colcon.colcon_core.shell:Creating environment descriptor '/home/student/ros2_ws/src/install/amcl_localization/share/amcl_localization/hook/pythonscriptspath.dsv'
[2.300s] INFO:colcon.colcon_core.shell:Creating environment hook '/home/student/ros2_ws/src/install/amcl_localization/share/amcl_localization/hook/pythonscriptspath.sh'
[2.300s] Level 1:colcon.colcon_core.environment:create_environment_scripts_only(amcl_localization)
[2.301s] INFO:colcon.colcon_core.shell:Creating package script '/home/student/ros2_ws/src/install/amcl_localization/share/amcl_localization/package.ps1'
[2.302s] INFO:colcon.colcon_core.shell:Creating package descriptor '/home/student/ros2_ws/src/install/amcl_localization/share/amcl_localization/package.dsv'
[2.303s] INFO:colcon.colcon_core.shell:Creating package script '/home/student/ros2_ws/src/install/amcl_localization/share/amcl_localization/package.sh'
[2.305s] INFO:colcon.colcon_core.shell:Creating package script '/home/student/ros2_ws/src/install/amcl_localization/share/amcl_localization/package.bash'
[2.307s] INFO:colcon.colcon_core.shell:Creating package script '/home/student/ros2_ws/src/install/amcl_localization/share/amcl_localization/package.zsh'
[2.309s] Level 1:colcon.colcon_core.environment:create_file_with_runtime_dependencies(/home/student/ros2_ws/src/install/amcl_localization/share/colcon-core/packages/amcl_localization)
[2.503s] Level 1:colcon.colcon_core.environment:checking '/home/student/ros2_ws/src/install/eced3901' for CMake module files
[2.504s] DEBUG:colcon.colcon_core.event_handler.log_command:Invoked command in '/home/student/ros2_ws/src/eced3901' returned '0': PYTHONPATH=/home/student/ros2_ws/src/build/eced3901/prefix_override:/usr/lib/python3/dist-packages/colcon_core/task/python/colcon_distutils_commands:/home/student/ros2_ws/src/install/eced3901/lib/python3.10/site-packages:${PYTHONPATH} /usr/bin/python3 -W ignore:setup.py install is deprecated -W ignore:easy_install command is deprecated setup.py egg_info --egg-base ../build/eced3901 build --build-base /home/student/ros2_ws/src/build/eced3901/build install --record /home/student/ros2_ws/src/build/eced3901/install.log --single-version-externally-managed install_data
[2.504s] Level 1:colcon.colcon_core.environment:checking '/home/student/ros2_ws/src/install/eced3901' for CMake config files
[2.505s] Level 1:colcon.colcon_core.environment:checking '/home/student/ros2_ws/src/install/eced3901/lib'
[2.505s] Level 1:colcon.colcon_core.environment:checking '/home/student/ros2_ws/src/install/eced3901/bin'
[2.505s] Level 1:colcon.colcon_core.environment:checking '/home/student/ros2_ws/src/install/eced3901/lib/pkgconfig/eced3901.pc'
[2.505s] Level 1:colcon.colcon_core.environment:checking '/home/student/ros2_ws/src/install/eced3901/lib/python3.10/site-packages'
[2.505s] Level 1:colcon.colcon_core.shell:create_environment_hook('eced3901', 'pythonpath')
[2.506s] INFO:colcon.colcon_core.shell:Creating environment hook '/home/student/ros2_ws/src/install/eced3901/share/eced3901/hook/pythonpath.ps1'
[2.506s] INFO:colcon.colcon_core.shell:Creating environment descriptor '/home/student/ros2_ws/src/install/eced3901/share/eced3901/hook/pythonpath.dsv'
[2.506s] INFO:colcon.colcon_core.shell:Creating environment hook '/home/student/ros2_ws/src/install/eced3901/share/eced3901/hook/pythonpath.sh'
[2.507s] Level 1:colcon.colcon_core.environment:checking '/home/student/ros2_ws/src/install/eced3901/bin'
[2.507s] Level 1:colcon.colcon_core.environment:create_environment_scripts_only(eced3901)
[2.507s] INFO:colcon.colcon_core.shell:Creating package script '/home/student/ros2_ws/src/install/eced3901/share/eced3901/package.ps1'
[2.508s] INFO:colcon.colcon_core.shell:Creating package descriptor '/home/student/ros2_ws/src/install/eced3901/share/eced3901/package.dsv'
[2.508s] INFO:colcon.colcon_core.shell:Creating package script '/home/student/ros2_ws/src/install/eced3901/share/eced3901/package.sh'
[2.509s] INFO:colcon.colcon_core.shell:Creating package script '/home/student/ros2_ws/src/install/eced3901/share/eced3901/package.bash'
[2.509s] INFO:colcon.colcon_core.shell:Creating package script '/home/student/ros2_ws/src/install/eced3901/share/eced3901/package.zsh'
[2.509s] Level 1:colcon.colcon_core.environment:create_file_with_runtime_dependencies(/home/student/ros2_ws/src/install/eced3901/share/colcon-core/packages/eced3901)
[2.510s] DEBUG:colcon.colcon_parallel_executor.executor.parallel:closing loop
[2.510s] DEBUG:colcon.colcon_parallel_executor.executor.parallel:loop closed
[2.510s] DEBUG:colcon.colcon_parallel_executor.executor.parallel:run_until_complete finished with '0'
[2.510s] DEBUG:colcon.colcon_core.event_reactor:joining thread
[2.533s] INFO:colcon.colcon_core.plugin_system:Skipping extension 'colcon_notification.desktop_notification.terminal_notifier': Not used on non-Darwin systems
[2.533s] INFO:colcon.colcon_core.plugin_system:Skipping extension 'colcon_notification.desktop_notification.win32': Not used on non-Windows systems
[2.533s] INFO:colcon.colcon_notification.desktop_notification:Sending desktop notification using 'notify2'
[2.586s] DEBUG:colcon.colcon_core.event_reactor:joined thread
[2.586s] INFO:colcon.colcon_core.shell:Creating prefix script '/home/student/ros2_ws/src/install/local_setup.ps1'
[2.588s] INFO:colcon.colcon_core.shell:Creating prefix util module '/home/student/ros2_ws/src/install/_local_setup_util_ps1.py'
[2.590s] INFO:colcon.colcon_core.shell:Creating prefix chain script '/home/student/ros2_ws/src/install/setup.ps1'
[2.622s] INFO:colcon.colcon_core.shell:Creating prefix script '/home/student/ros2_ws/src/install/local_setup.sh'
[2.624s] INFO:colcon.colcon_core.shell:Creating prefix util module '/home/student/ros2_ws/src/install/_local_setup_util_sh.py'
[2.625s] INFO:colcon.colcon_core.shell:Creating prefix chain script '/home/student/ros2_ws/src/install/setup.sh'
[2.627s] INFO:colcon.colcon_core.shell:Creating prefix script '/home/student/ros2_ws/src/install/local_setup.bash'
[2.632s] INFO:colcon.colcon_core.shell:Creating prefix chain script '/home/student/ros2_ws/src/install/setup.bash'
[2.634s] INFO:colcon.colcon_core.shell:Creating prefix script '/home/student/ros2_ws/src/install/local_setup.zsh'
[2.635s] INFO:colcon.colcon_core.shell:Creating prefix chain script '/home/student/ros2_ws/src/install/setup.zsh'
