[0.803s] Invoking command in '/home/student/ros2_ws/src/amcl_localization': PYTHONPATH=/home/student/ros2_ws/build/amcl_localization/prefix_override:/usr/lib/python3/dist-packages/colcon_core/task/python/colcon_distutils_commands:/home/student/ros2_ws/install/amcl_localization/lib/python3.10/site-packages:${PYTHONPATH} /usr/bin/python3 -W ignore:setup.py install is deprecated -W ignore:easy_install command is deprecated setup.py egg_info --egg-base ../../build/amcl_localization build --build-base /home/student/ros2_ws/build/amcl_localization/build install --record /home/student/ros2_ws/build/amcl_localization/install.log --single-version-externally-managed
[1.069s] running egg_info
[1.069s] creating ../../build/amcl_localization/amcl_localization.egg-info
[1.069s] writing ../../build/amcl_localization/amcl_localization.egg-info/PKG-INFO
[1.069s] writing dependency_links to ../../build/amcl_localization/amcl_localization.egg-info/dependency_links.txt
[1.069s] writing entry points to ../../build/amcl_localization/amcl_localization.egg-info/entry_points.txt
[1.069s] writing requirements to ../../build/amcl_localization/amcl_localization.egg-info/requires.txt
[1.069s] writing top-level names to ../../build/amcl_localization/amcl_localization.egg-info/top_level.txt
[1.069s] writing manifest file '../../build/amcl_localization/amcl_localization.egg-info/SOURCES.txt'
[1.069s] reading manifest file '../../build/amcl_localization/amcl_localization.egg-info/SOURCES.txt'
[1.069s] writing manifest file '../../build/amcl_localization/amcl_localization.egg-info/SOURCES.txt'
[1.069s] running build
[1.069s] running build_py
[1.071s] creating /home/student/ros2_ws/build/amcl_localization/build
[1.072s] creating /home/student/ros2_ws/build/amcl_localization/build/lib
[1.072s] creating /home/student/ros2_ws/build/amcl_localization/build/lib/amcl_localization
[1.073s] copying amcl_localization/__init__.py -> /home/student/ros2_ws/build/amcl_localization/build/lib/amcl_localization
[1.073s] copying amcl_localization/amcl_node.py -> /home/student/ros2_ws/build/amcl_localization/build/lib/amcl_localization
[1.073s] running install
[1.073s] running install_lib
[1.074s] creating /home/student/ros2_ws/install/amcl_localization/lib/python3.10/site-packages/amcl_localization
[1.074s] copying /home/student/ros2_ws/build/amcl_localization/build/lib/amcl_localization/__init__.py -> /home/student/ros2_ws/install/amcl_localization/lib/python3.10/site-packages/amcl_localization
[1.074s] copying /home/student/ros2_ws/build/amcl_localization/build/lib/amcl_localization/amcl_node.py -> /home/student/ros2_ws/install/amcl_localization/lib/python3.10/site-packages/amcl_localization
[1.074s] byte-compiling /home/student/ros2_ws/install/amcl_localization/lib/python3.10/site-packages/amcl_localization/__init__.py to __init__.cpython-310.pyc
[1.074s] byte-compiling /home/student/ros2_ws/install/amcl_localization/lib/python3.10/site-packages/amcl_localization/amcl_node.py to amcl_node.cpython-310.pyc
[1.074s] running install_egg_info
[1.087s] Copying ../../build/amcl_localization/amcl_localization.egg-info to /home/student/ros2_ws/install/amcl_localization/lib/python3.10/site-packages/amcl_localization-0.0.1-py3.10.egg-info
[1.087s] running install_scripts
[1.103s] Installing amcl_node script to /home/student/ros2_ws/install/amcl_localization/bin
[1.104s] writing list of installed files to '/home/student/ros2_ws/build/amcl_localization/install.log'
[1.150s] Invoked command in '/home/student/ros2_ws/src/amcl_localization' returned '0': PYTHONPATH=/home/student/ros2_ws/build/amcl_localization/prefix_override:/usr/lib/python3/dist-packages/colcon_core/task/python/colcon_distutils_commands:/home/student/ros2_ws/install/amcl_localization/lib/python3.10/site-packages:${PYTHONPATH} /usr/bin/python3 -W ignore:setup.py install is deprecated -W ignore:easy_install command is deprecated setup.py egg_info --egg-base ../../build/amcl_localization build --build-base /home/student/ros2_ws/build/amcl_localization/build install --record /home/student/ros2_ws/build/amcl_localization/install.log --single-version-externally-managed
