running egg_info
creating ../build/amcl_localization/amcl_localization.egg-info
writing ../build/amcl_localization/amcl_localization.egg-info/PKG-INFO
writing dependency_links to ../build/amcl_localization/amcl_localization.egg-info/dependency_links.txt
writing entry points to ../build/amcl_localization/amcl_localization.egg-info/entry_points.txt
writing requirements to ../build/amcl_localization/amcl_localization.egg-info/requires.txt
writing top-level names to ../build/amcl_localization/amcl_localization.egg-info/top_level.txt
writing manifest file '../build/amcl_localization/amcl_localization.egg-info/SOURCES.txt'
reading manifest file '../build/amcl_localization/amcl_localization.egg-info/SOURCES.txt'
writing manifest file '../build/amcl_localization/amcl_localization.egg-info/SOURCES.txt'
running build
running build_py
creating /home/student/ros2_ws/src/build/amcl_localization/build
creating /home/student/ros2_ws/src/build/amcl_localization/build/lib
creating /home/student/ros2_ws/src/build/amcl_localization/build/lib/amcl_localization
copying amcl_localization/__init__.py -> /home/student/ros2_ws/src/build/amcl_localization/build/lib/amcl_localization
copying amcl_localization/amcl_node.py -> /home/student/ros2_ws/src/build/amcl_localization/build/lib/amcl_localization
running install
running install_lib
creating /home/student/ros2_ws/src/install/amcl_localization/lib/python3.10/site-packages/amcl_localization
copying /home/student/ros2_ws/src/build/amcl_localization/build/lib/amcl_localization/__init__.py -> /home/student/ros2_ws/src/install/amcl_localization/lib/python3.10/site-packages/amcl_localization
copying /home/student/ros2_ws/src/build/amcl_localization/build/lib/amcl_localization/amcl_node.py -> /home/student/ros2_ws/src/install/amcl_localization/lib/python3.10/site-packages/amcl_localization
byte-compiling /home/student/ros2_ws/src/install/amcl_localization/lib/python3.10/site-packages/amcl_localization/__init__.py to __init__.cpython-310.pyc
byte-compiling /home/student/ros2_ws/src/install/amcl_localization/lib/python3.10/site-packages/amcl_localization/amcl_node.py to amcl_node.cpython-310.pyc
running install_egg_info
Copying ../build/amcl_localization/amcl_localization.egg-info to /home/student/ros2_ws/src/install/amcl_localization/lib/python3.10/site-packages/amcl_localization-0.0.1-py3.10.egg-info
running install_scripts
Installing amcl_node script to /home/student/ros2_ws/src/install/amcl_localization/bin
writing list of installed files to '/home/student/ros2_ws/src/build/amcl_localization/install.log'
